<?xml version="1.0" encoding="UTF-8"?>
<!-- Generated by org.testng.reporters.JUnitReportReporter -->
<testsuite hostname="DESKTOP-O0RSMQB" failures="0" tests="1" name="com.Test.TestTrail" time="13.741" errors="0" timestamp="22 Apr 2019 13:24:53 GMT" skipped="0">
  <testcase classname="com.Test.TestTrail" name="googleTitleTest" time="13.741"/>
</testsuite> <!-- com.Test.TestTrail -->
