<?xml version="1.0" encoding="UTF-8"?>
<!-- Generated by org.testng.reporters.JUnitReportReporter -->
<testsuite hostname="DESKTOP-O0RSMQB" failures="0" tests="1" name="com.Test.TestNG" time="14.685" errors="0" timestamp="23 Apr 2019 06:09:06 GMT" skipped="0">
  <testcase classname="com.Test.TestNG" name="main" time="14.685"/>
</testsuite> <!-- com.Test.TestNG -->
