<?xml version="1.0" encoding="UTF-8"?>
<!-- Generated by org.testng.reporters.JUnitReportReporter -->
<testsuite hostname="DESKTOP-O0RSMQB" failures="0" tests="1" name="com.Test.TestNgBasics" time="0.008" errors="0" timestamp="19 Apr 2019 15:30:17 GMT" skipped="0">
  <testcase classname="com.Test.TestNgBasics" name="googleTitleTest" time="0.008"/>
</testsuite> <!-- com.Test.TestNgBasics -->
